{
  "stats": {
    "suites": 4,
    "tests": 10,
    "passes": 10,
    "pending": 0,
    "failures": 0,
    "start": "2025-04-16T21:09:22.580Z",
    "end": "2025-04-16T21:09:22.591Z",
    "duration": 11,
    "testsRegistered": 10,
    "passPercent": 100,
    "pendingPercent": 0,
    "other": 0,
    "hasOther": false,
    "skipped": 0,
    "hasSkipped": false
  },
  "results": [
    {
      "uuid": "374de456-cd42-4ef1-a578-5e37555e6a6a",
      "title": "",
      "fullFile": "",
      "file": "",
      "beforeHooks": [],
      "afterHooks": [],
      "tests": [],
      "suites": [
        {
          "uuid": "fb5f6769-4c38-4647-b253-fe385fd08948",
          "title": "calculate()",
          "fullFile": "D:\\JS-tests\\test\\main.test.js",
          "file": "\\test\\main.test.js",
          "beforeHooks": [],
          "afterHooks": [],
          "tests": [
            {
              "title": "should add two numbers",
              "fullTitle": "calculate() should add two numbers",
              "timedOut": false,
              "duration": 0,
              "state": "passed",
              "speed": "fast",
              "pass": true,
              "fail": false,
              "pending": false,
              "context": null,
              "code": "expect(calculate(\"add\", 2, 3)).to.equal(5);",
              "err": {},
              "uuid": "ca4cfe3e-f444-4f6b-a770-7127642ebcf8",
              "parentUUID": "fb5f6769-4c38-4647-b253-fe385fd08948",
              "isHook": false,
              "skipped": false
            },
            {
              "title": "should multiply two numbers",
              "fullTitle": "calculate() should multiply two numbers",
              "timedOut": false,
              "duration": 0,
              "state": "passed",
              "speed": "fast",
              "pass": true,
              "fail": false,
              "pending": false,
              "context": null,
              "code": "expect(calculate(\"multiply\", 4, 5)).to.equal(20);",
              "err": {},
              "uuid": "60eae287-3378-492b-9729-e1a8b3c3ced2",
              "parentUUID": "fb5f6769-4c38-4647-b253-fe385fd08948",
              "isHook": false,
              "skipped": false
            },
            {
              "title": "should throw error for invalid operation",
              "fullTitle": "calculate() should throw error for invalid operation",
              "timedOut": false,
              "duration": 1,
              "state": "passed",
              "speed": "fast",
              "pass": true,
              "fail": false,
              "pending": false,
              "context": null,
              "code": "expect(() => calculate(\"divide\", 4, 2)).to.throw(\"Invalid operation\");",
              "err": {},
              "uuid": "d8548688-a924-4257-a096-08cb4f2b1f06",
              "parentUUID": "fb5f6769-4c38-4647-b253-fe385fd08948",
              "isHook": false,
              "skipped": false
            },
            {
              "title": "should throw error for invalid arguments",
              "fullTitle": "calculate() should throw error for invalid arguments",
              "timedOut": false,
              "duration": 0,
              "state": "passed",
              "speed": "fast",
              "pass": true,
              "fail": false,
              "pending": false,
              "context": null,
              "code": "expect(() => calculate(\"add\", \"a\", 2)).to.throw(\"Invalid arguments\");",
              "err": {},
              "uuid": "bf56e293-7396-480d-b7c6-86f0b6d24f87",
              "parentUUID": "fb5f6769-4c38-4647-b253-fe385fd08948",
              "isHook": false,
              "skipped": false
            }
          ],
          "suites": [],
          "passes": [
            "ca4cfe3e-f444-4f6b-a770-7127642ebcf8",
            "60eae287-3378-492b-9729-e1a8b3c3ced2",
            "d8548688-a924-4257-a096-08cb4f2b1f06",
            "bf56e293-7396-480d-b7c6-86f0b6d24f87"
          ],
          "failures": [],
          "pending": [],
          "skipped": [],
          "duration": 1,
          "root": false,
          "rootEmpty": false,
          "_timeout": 2000
        },
        {
          "uuid": "49067687-b749-4c40-bbb7-59846310b61a",
          "title": "Utils functions",
          "fullFile": "D:\\JS-tests\\test\\utils.test.js",
          "file": "\\test\\utils.test.js",
          "beforeHooks": [],
          "afterHooks": [],
          "tests": [],
          "suites": [
            {
              "uuid": "ca76ddd2-5463-40f0-921a-f864ccda99da",
              "title": "add()",
              "fullFile": "D:\\JS-tests\\test\\utils.test.js",
              "file": "\\test\\utils.test.js",
              "beforeHooks": [],
              "afterHooks": [],
              "tests": [
                {
                  "title": "should return correct sum",
                  "fullTitle": "Utils functions add() should return correct sum",
                  "timedOut": false,
                  "duration": 0,
                  "state": "passed",
                  "speed": "fast",
                  "pass": true,
                  "fail": false,
                  "pending": false,
                  "context": null,
                  "code": "expect(add(2, 3)).to.equal(5);",
                  "err": {},
                  "uuid": "1468efff-f0ac-4fc3-94d8-74ae2099fa03",
                  "parentUUID": "ca76ddd2-5463-40f0-921a-f864ccda99da",
                  "isHook": false,
                  "skipped": false
                },
                {
                  "title": "should return 0 for (0, 0)",
                  "fullTitle": "Utils functions add() should return 0 for (0, 0)",
                  "timedOut": false,
                  "duration": 0,
                  "state": "passed",
                  "speed": "fast",
                  "pass": true,
                  "fail": false,
                  "pending": false,
                  "context": null,
                  "code": "expect(add(0, 0)).to.equal(0);",
                  "err": {},
                  "uuid": "b547ef26-daf6-42a7-b206-cbdd9a81ad21",
                  "parentUUID": "ca76ddd2-5463-40f0-921a-f864ccda99da",
                  "isHook": false,
                  "skipped": false
                },
                {
                  "title": "should handle negative numbers",
                  "fullTitle": "Utils functions add() should handle negative numbers",
                  "timedOut": false,
                  "duration": 0,
                  "state": "passed",
                  "speed": "fast",
                  "pass": true,
                  "fail": false,
                  "pending": false,
                  "context": null,
                  "code": "expect(add(-1, -2)).to.equal(-3);",
                  "err": {},
                  "uuid": "2b4105fb-69d9-40e1-8f38-bdaa91da0fa3",
                  "parentUUID": "ca76ddd2-5463-40f0-921a-f864ccda99da",
                  "isHook": false,
                  "skipped": false
                }
              ],
              "suites": [],
              "passes": [
                "1468efff-f0ac-4fc3-94d8-74ae2099fa03",
                "b547ef26-daf6-42a7-b206-cbdd9a81ad21",
                "2b4105fb-69d9-40e1-8f38-bdaa91da0fa3"
              ],
              "failures": [],
              "pending": [],
              "skipped": [],
              "duration": 0,
              "root": false,
              "rootEmpty": false,
              "_timeout": 2000
            },
            {
              "uuid": "158b5ccb-68e4-4f74-b862-322dbabac06d",
              "title": "multiply()",
              "fullFile": "D:\\JS-tests\\test\\utils.test.js",
              "file": "\\test\\utils.test.js",
              "beforeHooks": [],
              "afterHooks": [],
              "tests": [
                {
                  "title": "should return correct product",
                  "fullTitle": "Utils functions multiply() should return correct product",
                  "timedOut": false,
                  "duration": 1,
                  "state": "passed",
                  "speed": "fast",
                  "pass": true,
                  "fail": false,
                  "pending": false,
                  "context": null,
                  "code": "expect(multiply(2, 4)).to.equal(8);",
                  "err": {},
                  "uuid": "b869dc16-b3b4-442a-b52f-5a5df082d96b",
                  "parentUUID": "158b5ccb-68e4-4f74-b862-322dbabac06d",
                  "isHook": false,
                  "skipped": false
                },
                {
                  "title": "should return 0 when one operand is 0",
                  "fullTitle": "Utils functions multiply() should return 0 when one operand is 0",
                  "timedOut": false,
                  "duration": 0,
                  "state": "passed",
                  "speed": "fast",
                  "pass": true,
                  "fail": false,
                  "pending": false,
                  "context": null,
                  "code": "expect(multiply(0, 5)).to.equal(0);",
                  "err": {},
                  "uuid": "4d86134e-2bc9-42f7-afc4-acdbaae8e845",
                  "parentUUID": "158b5ccb-68e4-4f74-b862-322dbabac06d",
                  "isHook": false,
                  "skipped": false
                },
                {
                  "title": "should handle negative numbers",
                  "fullTitle": "Utils functions multiply() should handle negative numbers",
                  "timedOut": false,
                  "duration": 0,
                  "state": "passed",
                  "speed": "fast",
                  "pass": true,
                  "fail": false,
                  "pending": false,
                  "context": null,
                  "code": "expect(multiply(-2, 3)).to.equal(-6);",
                  "err": {},
                  "uuid": "dea46e4f-3fe5-49d5-9892-ff6edc53303b",
                  "parentUUID": "158b5ccb-68e4-4f74-b862-322dbabac06d",
                  "isHook": false,
                  "skipped": false
                }
              ],
              "suites": [],
              "passes": [
                "b869dc16-b3b4-442a-b52f-5a5df082d96b",
                "4d86134e-2bc9-42f7-afc4-acdbaae8e845",
                "dea46e4f-3fe5-49d5-9892-ff6edc53303b"
              ],
              "failures": [],
              "pending": [],
              "skipped": [],
              "duration": 1,
              "root": false,
              "rootEmpty": false,
              "_timeout": 2000
            }
          ],
          "passes": [],
          "failures": [],
          "pending": [],
          "skipped": [],
          "duration": 0,
          "root": false,
          "rootEmpty": false,
          "_timeout": 2000
        }
      ],
      "passes": [],
      "failures": [],
      "pending": [],
      "skipped": [],
      "duration": 0,
      "root": true,
      "rootEmpty": true,
      "_timeout": 2000
    }
  ],
  "meta": {
    "mocha": {
      "version": "11.1.0"
    },
    "mochawesome": {
      "options": {
        "quiet": false,
        "reportFilename": "mochawesome",
        "saveHtml": true,
        "saveJson": true,
        "consoleReporter": "spec",
        "useInlineDiffs": false,
        "code": true
      },
      "version": "7.1.3"
    },
    "marge": {
      "options": null,
      "version": "6.2.0"
    }
  }
}
